2018-11-26 13:56:57.746---666--- [main] INFO  org.springframework.boot.test.context.SpringBootTestContextBootstrapper - Neither @ContextConfiguration nor @ContextHierarchy found for test class [com.stylefeng.guns.system.DeptTest], using SpringBootContextLoader
2018-11-26 13:56:57.751---666--- [main] INFO  org.springframework.test.context.support.AbstractContextLoader - Could not detect default resource locations for test class [com.stylefeng.guns.system.DeptTest]: no resource found for suffixes {-context.xml, Context.groovy}.
2018-11-26 13:56:57.831---666--- [main] INFO  org.springframework.boot.test.context.SpringBootTestContextBootstrapper - Loaded default TestExecutionListener class names from location [META-INF/spring.factories]: [org.springframework.boot.test.mock.mockito.MockitoTestExecutionListener, org.springframework.boot.test.mock.mockito.ResetMocksTestExecutionListener, org.springframework.boot.test.autoconfigure.restdocs.RestDocsTestExecutionListener, org.springframework.boot.test.autoconfigure.web.client.MockRestServiceServerResetTestExecutionListener, org.springframework.boot.test.autoconfigure.web.servlet.MockMvcPrintOnlyOnFailureTestExecutionListener, org.springframework.boot.test.autoconfigure.web.servlet.WebDriverTestExecutionListener, org.springframework.test.context.web.ServletTestExecutionListener, org.springframework.test.context.support.DirtiesContextBeforeModesTestExecutionListener, org.springframework.test.context.support.DependencyInjectionTestExecutionListener, org.springframework.test.context.support.DirtiesContextTestExecutionListener, org.springframework.test.context.transaction.TransactionalTestExecutionListener, org.springframework.test.context.jdbc.SqlScriptsTestExecutionListener]
2018-11-26 13:56:57.882---666--- [main] INFO  org.springframework.boot.test.context.SpringBootTestContextBootstrapper - Using TestExecutionListeners: [org.springframework.test.context.web.ServletTestExecutionListener@79ca92b9, org.springframework.test.context.support.DirtiesContextBeforeModesTestExecutionListener@1460a8c0, org.springframework.boot.test.autoconfigure.SpringBootDependencyInjectionTestExecutionListener@4f638935, org.springframework.test.context.support.DirtiesContextTestExecutionListener@4387b79e, org.springframework.test.context.transaction.TransactionalTestExecutionListener@6e75aa0d, org.springframework.test.context.jdbc.SqlScriptsTestExecutionListener@7fc229ab, org.springframework.boot.test.mock.mockito.MockitoTestExecutionListener@2cbb3d47, org.springframework.boot.test.mock.mockito.ResetMocksTestExecutionListener@527e5409, org.springframework.boot.test.autoconfigure.web.client.MockRestServiceServerResetTestExecutionListener@1198b989, org.springframework.boot.test.autoconfigure.web.servlet.WebDriverTestExecutionListener@7ff95560, org.springframework.boot.test.autoconfigure.web.servlet.MockMvcPrintOnlyOnFailureTestExecutionListener@add0edd, org.springframework.boot.test.autoconfigure.restdocs.RestDocsTestExecutionListener@2aa3cd93]
2018-11-26 13:56:58.911---666--- [main] INFO  com.stylefeng.guns.system.DeptTest - Starting DeptTest on DESKTOP-91GG5CF with PID 15788 (started by EDZ in D:\soft\git\personnel\code\personnel)
2018-11-26 13:56:58.911---666--- [main] INFO  com.stylefeng.guns.system.DeptTest - The following profiles are active: dev
2018-11-26 13:56:58.964---666--- [main] INFO  org.springframework.web.context.support.GenericWebApplicationContext - Refreshing org.springframework.web.context.support.GenericWebApplicationContext@2dfaea86: startup date [Mon Nov 26 13:56:58 CST 2018]; root of context hierarchy
2018-11-26 13:57:00.363---666--- [main] INFO  org.springframework.beans.factory.support.DefaultListableBeanFactory - Overriding bean definition for bean 'sessionInterceptor' with a different definition: replacing [Generic bean: class [com.stylefeng.guns.core.intercept.SessionInterceptor]; scope=singleton; abstract=false; lazyInit=false; autowireMode=0; dependencyCheck=0; autowireCandidate=true; primary=false; factoryBeanName=null; factoryMethodName=null; initMethodName=null; destroyMethodName=null; defined in file [D:\soft\git\personnel\code\personnel\target\classes\com\stylefeng\guns\core\intercept\SessionInterceptor.class]] with [Root bean: class [null]; scope=; abstract=false; lazyInit=false; autowireMode=3; dependencyCheck=0; autowireCandidate=true; primary=false; factoryBeanName=webConfig; factoryMethodName=sessionInterceptor; initMethodName=null; destroyMethodName=(inferred); defined in class path resource [com/stylefeng/guns/config/web/WebConfig.class]]
2018-11-26 13:57:01.304---666--- [main] INFO  o.s.context.support.PostProcessorRegistrationDelegate$BeanPostProcessorChecker - Bean 'shiroConfig' of type [com.stylefeng.guns.config.web.ShiroConfig$$EnhancerBySpringCGLIB$$d58ecad7] is not eligible for getting processed by all BeanPostProcessors (for example: not eligible for auto-proxying)
2018-11-26 13:57:01.396---666--- [main] INFO  o.s.context.support.PostProcessorRegistrationDelegate$BeanPostProcessorChecker - Bean 'webConfig' of type [com.stylefeng.guns.config.web.WebConfig$$EnhancerBySpringCGLIB$$6f735c1a] is not eligible for getting processed by all BeanPostProcessors (for example: not eligible for auto-proxying)
2018-11-26 13:57:01.430---666--- [main] INFO  o.s.context.support.PostProcessorRegistrationDelegate$BeanPostProcessorChecker - Bean 'rememberMeCookie' of type [org.apache.shiro.web.servlet.SimpleCookie] is not eligible for getting processed by all BeanPostProcessors (for example: not eligible for auto-proxying)
2018-11-26 13:57:02.019---666--- [main] INFO  o.s.context.support.PostProcessorRegistrationDelegate$BeanPostProcessorChecker - Bean 'rememberMeManager' of type [org.apache.shiro.web.mgt.CookieRememberMeManager] is not eligible for getting processed by all BeanPostProcessors (for example: not eligible for auto-proxying)
2018-11-26 13:57:02.031---666--- [main] INFO  o.s.context.support.PostProcessorRegistrationDelegate$BeanPostProcessorChecker - Bean 'ehCacheConfig' of type [com.stylefeng.guns.config.EhCacheConfig$$EnhancerBySpringCGLIB$$e09e4adf] is not eligible for getting processed by all BeanPostProcessors (for example: not eligible for auto-proxying)
2018-11-26 13:57:02.044---666--- [main] INFO  org.springframework.cache.ehcache.EhCacheManagerFactoryBean - Initializing EhCache CacheManager
2018-11-26 13:57:02.445---666--- [main] INFO  o.s.context.support.PostProcessorRegistrationDelegate$BeanPostProcessorChecker - Bean 'ehcache' of type [org.springframework.cache.ehcache.EhCacheManagerFactoryBean] is not eligible for getting processed by all BeanPostProcessors (for example: not eligible for auto-proxying)
2018-11-26 13:57:02.450---666--- [main] INFO  o.s.context.support.PostProcessorRegistrationDelegate$BeanPostProcessorChecker - Bean 'getCacheShiroManager' of type [org.apache.shiro.cache.ehcache.EhCacheManager] is not eligible for getting processed by all BeanPostProcessors (for example: not eligible for auto-proxying)
2018-11-26 13:57:02.484---666--- [main] INFO  o.s.context.support.PostProcessorRegistrationDelegate$BeanPostProcessorChecker - Bean 'shiroDbRealm' of type [com.stylefeng.guns.core.shiro.ShiroDbRealm] is not eligible for getting processed by all BeanPostProcessors (for example: not eligible for auto-proxying)
2018-11-26 13:57:02.485---666--- [main] INFO  org.apache.shiro.cache.ehcache.EhCacheManager - Cache with name 'com.stylefeng.guns.core.shiro.ShiroDbRealm.authorizationCache' does not yet exist.  Creating now.
2018-11-26 13:57:02.492---666--- [main] INFO  org.apache.shiro.cache.ehcache.EhCacheManager - Added EhCache named [com.stylefeng.guns.core.shiro.ShiroDbRealm.authorizationCache]
2018-11-26 13:57:02.503---666--- [main] INFO  o.s.context.support.PostProcessorRegistrationDelegate$BeanPostProcessorChecker - Bean 'securityManager' of type [org.apache.shiro.web.mgt.DefaultWebSecurityManager] is not eligible for getting processed by all BeanPostProcessors (for example: not eligible for auto-proxying)
2018-11-26 13:57:02.516---666--- [main] INFO  o.s.context.support.PostProcessorRegistrationDelegate$BeanPostProcessorChecker - Bean 'methodInvokingFactoryBean' of type [org.springframework.beans.factory.config.MethodInvokingFactoryBean] is not eligible for getting processed by all BeanPostProcessors (for example: not eligible for auto-proxying)
2018-11-26 13:57:02.745---666--- [main] INFO  o.s.context.support.PostProcessorRegistrationDelegate$BeanPostProcessorChecker - Bean 'authorizationAttributeSourceAdvisor' of type [org.apache.shiro.spring.security.interceptor.AuthorizationAttributeSourceAdvisor] is not eligible for getting processed by all BeanPostProcessors (for example: not eligible for auto-proxying)
2018-11-26 13:57:02.816---666--- [main] INFO  o.s.context.support.PostProcessorRegistrationDelegate$BeanPostProcessorChecker - Bean 'org.springframework.transaction.annotation.ProxyTransactionManagementConfiguration' of type [org.springframework.transaction.annotation.ProxyTransactionManagementConfiguration$$EnhancerBySpringCGLIB$$c33a529c] is not eligible for getting processed by all BeanPostProcessors (for example: not eligible for auto-proxying)
2018-11-26 13:57:04.377---666--- [main] INFO  com.alibaba.druid.pool.DruidDataSource - {dataSource-1} inited
2018-11-26 13:57:08.940---666--- [main] INFO  o.springframework.web.servlet.mvc.method.annotation.RequestMappingHandlerMapping - Mapped "{[/global/error]}" onto public java.lang.String com.stylefeng.guns.common.controller.GlobalController.errorPage()
2018-11-26 13:57:08.944---666--- [main] INFO  o.springframework.web.servlet.mvc.method.annotation.RequestMappingHandlerMapping - Mapped "{[/blackboard]}" onto public java.lang.String com.stylefeng.guns.modular.system.controller.BlackboardController.blackboard(org.springframework.ui.Model)
2018-11-26 13:57:08.944---666--- [main] INFO  o.springframework.web.servlet.mvc.method.annotation.RequestMappingHandlerMapping - Mapped "{[/code]}" onto public java.lang.String com.stylefeng.guns.modular.system.controller.CodeController.index()
2018-11-26 13:57:08.944---666--- [main] INFO  o.springframework.web.servlet.mvc.method.annotation.RequestMappingHandlerMapping - Mapped "{[/code/generate],methods=[POST]}" onto public java.lang.Object com.stylefeng.guns.modular.system.controller.CodeController.add(java.lang.String,java.lang.String,java.lang.String)
2018-11-26 13:57:08.946---666--- [main] INFO  o.springframework.web.servlet.mvc.method.annotation.RequestMappingHandlerMapping - Mapped "{[/dept]}" onto public java.lang.String com.stylefeng.guns.modular.system.controller.DeptController.index()
2018-11-26 13:57:08.946---666--- [main] INFO  o.springframework.web.servlet.mvc.method.annotation.RequestMappingHandlerMapping - Mapped "{[/dept/add]}" onto public java.lang.Object com.stylefeng.guns.modular.system.controller.DeptController.add(com.stylefeng.guns.common.persistence.model.Dept)
2018-11-26 13:57:08.947---666--- [main] INFO  o.springframework.web.servlet.mvc.method.annotation.RequestMappingHandlerMapping - Mapped "{[/dept/update]}" onto public java.lang.Object com.stylefeng.guns.modular.system.controller.DeptController.update(com.stylefeng.guns.common.persistence.model.Dept)
2018-11-26 13:57:08.947---666--- [main] INFO  o.springframework.web.servlet.mvc.method.annotation.RequestMappingHandlerMapping - Mapped "{[/dept/delete]}" onto public java.lang.Object com.stylefeng.guns.modular.system.controller.DeptController.delete(java.lang.Integer)
2018-11-26 13:57:08.947---666--- [main] INFO  o.springframework.web.servlet.mvc.method.annotation.RequestMappingHandlerMapping - Mapped "{[/dept/list]}" onto public java.lang.Object com.stylefeng.guns.modular.system.controller.DeptController.list(java.lang.String)
2018-11-26 13:57:08.947---666--- [main] INFO  o.springframework.web.servlet.mvc.method.annotation.RequestMappingHandlerMapping - Mapped "{[/dept/tree]}" onto public java.util.List<com.stylefeng.guns.common.node.ZTreeNode> com.stylefeng.guns.modular.system.controller.DeptController.tree()
2018-11-26 13:57:08.947---666--- [main] INFO  o.springframework.web.servlet.mvc.method.annotation.RequestMappingHandlerMapping - Mapped "{[/dept/detail/{deptId}]}" onto public java.lang.Object com.stylefeng.guns.modular.system.controller.DeptController.detail(java.lang.Integer)
2018-11-26 13:57:08.947---666--- [main] INFO  o.springframework.web.servlet.mvc.method.annotation.RequestMappingHandlerMapping - Mapped "{[/dept/dept_add]}" onto public java.lang.String com.stylefeng.guns.modular.system.controller.DeptController.deptAdd()
2018-11-26 13:57:08.947---666--- [main] INFO  o.springframework.web.servlet.mvc.method.annotation.RequestMappingHandlerMapping - Mapped "{[/dept/dept_update/{deptId}]}" onto public java.lang.String com.stylefeng.guns.modular.system.controller.DeptController.deptUpdate(java.lang.Integer,org.springframework.ui.Model)
2018-11-26 13:57:08.951---666--- [main] INFO  o.springframework.web.servlet.mvc.method.annotation.RequestMappingHandlerMapping - Mapped "{[/dict]}" onto public java.lang.String com.stylefeng.guns.modular.system.controller.DictController.index()
2018-11-26 13:57:08.952---666--- [main] INFO  o.springframework.web.servlet.mvc.method.annotation.RequestMappingHandlerMapping - Mapped "{[/dict/add]}" onto public java.lang.Object com.stylefeng.guns.modular.system.controller.DictController.add(java.lang.String,java.lang.String)
2018-11-26 13:57:08.952---666--- [main] INFO  o.springframework.web.servlet.mvc.method.annotation.RequestMappingHandlerMapping - Mapped "{[/dict/update]}" onto public java.lang.Object com.stylefeng.guns.modular.system.controller.DictController.update(java.lang.Integer,java.lang.String,java.lang.String)
2018-11-26 13:57:08.953---666--- [main] INFO  o.springframework.web.servlet.mvc.method.annotation.RequestMappingHandlerMapping - Mapped "{[/dict/delete]}" onto public java.lang.Object com.stylefeng.guns.modular.system.controller.DictController.delete(java.lang.Integer)
2018-11-26 13:57:08.953---666--- [main] INFO  o.springframework.web.servlet.mvc.method.annotation.RequestMappingHandlerMapping - Mapped "{[/dict/list]}" onto public java.lang.Object com.stylefeng.guns.modular.system.controller.DictController.list(java.lang.String)
2018-11-26 13:57:08.953---666--- [main] INFO  o.springframework.web.servlet.mvc.method.annotation.RequestMappingHandlerMapping - Mapped "{[/dict/detail/{dictId}]}" onto public java.lang.Object com.stylefeng.guns.modular.system.controller.DictController.detail(java.lang.Integer)
2018-11-26 13:57:08.953---666--- [main] INFO  o.springframework.web.servlet.mvc.method.annotation.RequestMappingHandlerMapping - Mapped "{[/dict/dict_add]}" onto public java.lang.String com.stylefeng.guns.modular.system.controller.DictController.deptAdd()
2018-11-26 13:57:08.953---666--- [main] INFO  o.springframework.web.servlet.mvc.method.annotation.RequestMappingHandlerMapping - Mapped "{[/dict/dict_edit/{dictId}]}" onto public java.lang.String com.stylefeng.guns.modular.system.controller.DictController.deptUpdate(java.lang.Integer,org.springframework.ui.Model)
2018-11-26 13:57:08.954---666--- [main] INFO  o.springframework.web.servlet.mvc.method.annotation.RequestMappingHandlerMapping - Mapped "{[/kaptcha]}" onto public void com.stylefeng.guns.modular.system.controller.KaptchaController.index(javax.servlet.http.HttpServletRequest,javax.servlet.http.HttpServletResponse)
2018-11-26 13:57:08.957---666--- [main] INFO  o.springframework.web.servlet.mvc.method.annotation.RequestMappingHandlerMapping - Mapped "{[/kaptcha/{pictureId}]}" onto public void com.stylefeng.guns.modular.system.controller.KaptchaController.renderPicture(java.lang.String,javax.servlet.http.HttpServletResponse)
2018-11-26 13:57:08.960---666--- [main] INFO  o.springframework.web.servlet.mvc.method.annotation.RequestMappingHandlerMapping - Mapped "{[/log]}" onto public java.lang.String com.stylefeng.guns.modular.system.controller.LogController.index()
2018-11-26 13:57:08.961---666--- [main] INFO  o.springframework.web.servlet.mvc.method.annotation.RequestMappingHandlerMapping - Mapped "{[/log/list]}" onto public java.lang.Object com.stylefeng.guns.modular.system.controller.LogController.list(java.lang.String,java.lang.String,java.lang.String,java.lang.Integer)
2018-11-26 13:57:08.962---666--- [main] INFO  o.springframework.web.servlet.mvc.method.annotation.RequestMappingHandlerMapping - Mapped "{[/log/delLog]}" onto public java.lang.Object com.stylefeng.guns.modular.system.controller.LogController.delLog()
2018-11-26 13:57:08.962---666--- [main] INFO  o.springframework.web.servlet.mvc.method.annotation.RequestMappingHandlerMapping - Mapped "{[/log/detail/{id}]}" onto public java.lang.Object com.stylefeng.guns.modular.system.controller.LogController.detail(java.lang.Integer)
2018-11-26 13:57:08.963---666--- [main] INFO  o.springframework.web.servlet.mvc.method.annotation.RequestMappingHandlerMapping - Mapped "{[/],methods=[GET]}" onto public java.lang.String com.stylefeng.guns.modular.system.controller.LoginController.index(org.springframework.ui.Model)
2018-11-26 13:57:08.964---666--- [main] INFO  o.springframework.web.servlet.mvc.method.annotation.RequestMappingHandlerMapping - Mapped "{[/login],methods=[GET]}" onto public java.lang.String com.stylefeng.guns.modular.system.controller.LoginController.login()
2018-11-26 13:57:08.965---666--- [main] INFO  o.springframework.web.servlet.mvc.method.annotation.RequestMappingHandlerMapping - Mapped "{[/login],methods=[POST]}" onto public java.lang.String com.stylefeng.guns.modular.system.controller.LoginController.loginVali()
2018-11-26 13:57:08.965---666--- [main] INFO  o.springframework.web.servlet.mvc.method.annotation.RequestMappingHandlerMapping - Mapped "{[/logout],methods=[GET]}" onto public java.lang.String com.stylefeng.guns.modular.system.controller.LoginController.logOut()
2018-11-26 13:57:08.965---666--- [main] INFO  o.springframework.web.servlet.mvc.method.annotation.RequestMappingHandlerMapping - Mapped "{[/loginLog]}" onto public java.lang.String com.stylefeng.guns.modular.system.controller.LoginLogController.index()
2018-11-26 13:57:08.966---666--- [main] INFO  o.springframework.web.servlet.mvc.method.annotation.RequestMappingHandlerMapping - Mapped "{[/loginLog/list]}" onto public java.lang.Object com.stylefeng.guns.modular.system.controller.LoginLogController.list(java.lang.String,java.lang.String,java.lang.String)
2018-11-26 13:57:08.966---666--- [main] INFO  o.springframework.web.servlet.mvc.method.annotation.RequestMappingHandlerMapping - Mapped "{[/loginLog/delLoginLog]}" onto public java.lang.Object com.stylefeng.guns.modular.system.controller.LoginLogController.delLog()
2018-11-26 13:57:08.967---666--- [main] INFO  o.springframework.web.servlet.mvc.method.annotation.RequestMappingHandlerMapping - Mapped "{[/menu]}" onto public java.lang.String com.stylefeng.guns.modular.system.controller.MenuController.index()
2018-11-26 13:57:08.967---666--- [main] INFO  o.springframework.web.servlet.mvc.method.annotation.RequestMappingHandlerMapping - Mapped "{[/menu/add]}" onto public com.stylefeng.guns.common.constant.tips.Tip com.stylefeng.guns.modular.system.controller.MenuController.add(com.stylefeng.guns.common.persistence.model.Menu,org.springframework.validation.BindingResult)
2018-11-26 13:57:08.967---666--- [main] INFO  o.springframework.web.servlet.mvc.method.annotation.RequestMappingHandlerMapping - Mapped "{[/menu/remove]}" onto public com.stylefeng.guns.common.constant.tips.Tip com.stylefeng.guns.modular.system.controller.MenuController.remove(java.lang.Integer)
2018-11-26 13:57:08.967---666--- [main] INFO  o.springframework.web.servlet.mvc.method.annotation.RequestMappingHandlerMapping - Mapped "{[/menu/list]}" onto public java.lang.Object com.stylefeng.guns.modular.system.controller.MenuController.list(java.lang.String,java.lang.String)
2018-11-26 13:57:08.967---666--- [main] INFO  o.springframework.web.servlet.mvc.method.annotation.RequestMappingHandlerMapping - Mapped "{[/menu/view/{menuId}]}" onto public com.stylefeng.guns.common.constant.tips.Tip com.stylefeng.guns.modular.system.controller.MenuController.view(java.lang.Integer)
2018-11-26 13:57:08.968---666--- [main] INFO  o.springframework.web.servlet.mvc.method.annotation.RequestMappingHandlerMapping - Mapped "{[/menu/menuTreeList]}" onto public java.util.List<com.stylefeng.guns.common.node.ZTreeNode> com.stylefeng.guns.modular.system.controller.MenuController.menuTreeList()
2018-11-26 13:57:08.968---666--- [main] INFO  o.springframework.web.servlet.mvc.method.annotation.RequestMappingHandlerMapping - Mapped "{[/menu/edit]}" onto public com.stylefeng.guns.common.constant.tips.Tip com.stylefeng.guns.modular.system.controller.MenuController.edit(com.stylefeng.guns.common.persistence.model.Menu,org.springframework.validation.BindingResult)
2018-11-26 13:57:08.968---666--- [main] INFO  o.springframework.web.servlet.mvc.method.annotation.RequestMappingHandlerMapping - Mapped "{[/menu/menu_add]}" onto public java.lang.String com.stylefeng.guns.modular.system.controller.MenuController.menuAdd()
2018-11-26 13:57:08.968---666--- [main] INFO  o.springframework.web.servlet.mvc.method.annotation.RequestMappingHandlerMapping - Mapped "{[/menu/menu_edit/{menuId}]}" onto public java.lang.String com.stylefeng.guns.modular.system.controller.MenuController.menuEdit(java.lang.Integer,org.springframework.ui.Model)
2018-11-26 13:57:08.968---666--- [main] INFO  o.springframework.web.servlet.mvc.method.annotation.RequestMappingHandlerMapping - Mapped "{[/menu/selectMenuTreeList]}" onto public java.util.List<com.stylefeng.guns.common.node.ZTreeNode> com.stylefeng.guns.modular.system.controller.MenuController.selectMenuTreeList()
2018-11-26 13:57:08.968---666--- [main] INFO  o.springframework.web.servlet.mvc.method.annotation.RequestMappingHandlerMapping - Mapped "{[/menu/menuTreeListByRoleId/{roleId}]}" onto public java.util.List<com.stylefeng.guns.common.node.ZTreeNode> com.stylefeng.guns.modular.system.controller.MenuController.menuTreeListByRoleId(java.lang.Integer)
2018-11-26 13:57:08.969---666--- [main] INFO  o.springframework.web.servlet.mvc.method.annotation.RequestMappingHandlerMapping - Mapped "{[/notice]}" onto public java.lang.String com.stylefeng.guns.modular.system.controller.NoticeController.index()
2018-11-26 13:57:08.969---666--- [main] INFO  o.springframework.web.servlet.mvc.method.annotation.RequestMappingHandlerMapping - Mapped "{[/notice/add]}" onto public java.lang.Object com.stylefeng.guns.modular.system.controller.NoticeController.add(com.stylefeng.guns.common.persistence.model.Notice)
2018-11-26 13:57:08.969---666--- [main] INFO  o.springframework.web.servlet.mvc.method.annotation.RequestMappingHandlerMapping - Mapped "{[/notice/update]}" onto public java.lang.Object com.stylefeng.guns.modular.system.controller.NoticeController.update(com.stylefeng.guns.common.persistence.model.Notice)
2018-11-26 13:57:08.969---666--- [main] INFO  o.springframework.web.servlet.mvc.method.annotation.RequestMappingHandlerMapping - Mapped "{[/notice/delete]}" onto public java.lang.Object com.stylefeng.guns.modular.system.controller.NoticeController.delete(java.lang.Integer)
2018-11-26 13:57:08.970---666--- [main] INFO  o.springframework.web.servlet.mvc.method.annotation.RequestMappingHandlerMapping - Mapped "{[/notice/list]}" onto public java.lang.Object com.stylefeng.guns.modular.system.controller.NoticeController.list(java.lang.String)
2018-11-26 13:57:08.970---666--- [main] INFO  o.springframework.web.servlet.mvc.method.annotation.RequestMappingHandlerMapping - Mapped "{[/notice/hello]}" onto public java.lang.String com.stylefeng.guns.modular.system.controller.NoticeController.hello()
2018-11-26 13:57:08.970---666--- [main] INFO  o.springframework.web.servlet.mvc.method.annotation.RequestMappingHandlerMapping - Mapped "{[/notice/notice_update/{noticeId}]}" onto public java.lang.String com.stylefeng.guns.modular.system.controller.NoticeController.noticeUpdate(java.lang.Integer,org.springframework.ui.Model)
2018-11-26 13:57:08.970---666--- [main] INFO  o.springframework.web.servlet.mvc.method.annotation.RequestMappingHandlerMapping - Mapped "{[/notice/notice_add]}" onto public java.lang.String com.stylefeng.guns.modular.system.controller.NoticeController.noticeAdd()
2018-11-26 13:57:08.971---666--- [main] INFO  o.springframework.web.servlet.mvc.method.annotation.RequestMappingHandlerMapping - Mapped "{[/role]}" onto public java.lang.String com.stylefeng.guns.modular.system.controller.RoleController.index()
2018-11-26 13:57:08.973---666--- [main] INFO  o.springframework.web.servlet.mvc.method.annotation.RequestMappingHandlerMapping - Mapped "{[/role/add]}" onto public com.stylefeng.guns.common.constant.tips.Tip com.stylefeng.guns.modular.system.controller.RoleController.add(com.stylefeng.guns.common.persistence.model.Role,org.springframework.validation.BindingResult)
2018-11-26 13:57:08.975---666--- [main] INFO  o.springframework.web.servlet.mvc.method.annotation.RequestMappingHandlerMapping - Mapped "{[/role/remove]}" onto public com.stylefeng.guns.common.constant.tips.Tip com.stylefeng.guns.modular.system.controller.RoleController.remove(java.lang.Integer)
2018-11-26 13:57:08.976---666--- [main] INFO  o.springframework.web.servlet.mvc.method.annotation.RequestMappingHandlerMapping - Mapped "{[/role/list]}" onto public java.lang.Object com.stylefeng.guns.modular.system.controller.RoleController.list(java.lang.String)
2018-11-26 13:57:08.976---666--- [main] INFO  o.springframework.web.servlet.mvc.method.annotation.RequestMappingHandlerMapping - Mapped "{[/role/view/{roleId}]}" onto public com.stylefeng.guns.common.constant.tips.Tip com.stylefeng.guns.modular.system.controller.RoleController.view(java.lang.Integer)
2018-11-26 13:57:08.976---666--- [main] INFO  o.springframework.web.servlet.mvc.method.annotation.RequestMappingHandlerMapping - Mapped "{[/role/edit]}" onto public com.stylefeng.guns.common.constant.tips.Tip com.stylefeng.guns.modular.system.controller.RoleController.edit(com.stylefeng.guns.common.persistence.model.Role,org.springframework.validation.BindingResult)
2018-11-26 13:57:08.976---666--- [main] INFO  o.springframework.web.servlet.mvc.method.annotation.RequestMappingHandlerMapping - Mapped "{[/role/role_add]}" onto public java.lang.String com.stylefeng.guns.modular.system.controller.RoleController.roleAdd()
2018-11-26 13:57:08.976---666--- [main] INFO  o.springframework.web.servlet.mvc.method.annotation.RequestMappingHandlerMapping - Mapped "{[/role/role_edit/{roleId}]}" onto public java.lang.String com.stylefeng.guns.modular.system.controller.RoleController.roleEdit(java.lang.Integer,org.springframework.ui.Model)
2018-11-26 13:57:08.977---666--- [main] INFO  o.springframework.web.servlet.mvc.method.annotation.RequestMappingHandlerMapping - Mapped "{[/role/roleTreeList]}" onto public java.util.List<com.stylefeng.guns.common.node.ZTreeNode> com.stylefeng.guns.modular.system.controller.RoleController.roleTreeList()
2018-11-26 13:57:08.977---666--- [main] INFO  o.springframework.web.servlet.mvc.method.annotation.RequestMappingHandlerMapping - Mapped "{[/role/setAuthority]}" onto public com.stylefeng.guns.common.constant.tips.Tip com.stylefeng.guns.modular.system.controller.RoleController.setAuthority(java.lang.Integer,java.lang.String)
2018-11-26 13:57:08.978---666--- [main] INFO  o.springframework.web.servlet.mvc.method.annotation.RequestMappingHandlerMapping - Mapped "{[/role/role_assign/{roleId}]}" onto public java.lang.String com.stylefeng.guns.modular.system.controller.RoleController.roleAssign(java.lang.Integer,org.springframework.ui.Model)
2018-11-26 13:57:08.978---666--- [main] INFO  o.springframework.web.servlet.mvc.method.annotation.RequestMappingHandlerMapping - Mapped "{[/role/roleTreeListByUserId/{userId}]}" onto public java.util.List<com.stylefeng.guns.common.node.ZTreeNode> com.stylefeng.guns.modular.system.controller.RoleController.roleTreeListByUserId(java.lang.Integer)
2018-11-26 13:57:08.980---666--- [main] INFO  o.springframework.web.servlet.mvc.method.annotation.RequestMappingHandlerMapping - Mapped "{[/mgr]}" onto public java.lang.String com.stylefeng.guns.modular.system.controller.UserMgrController.index()
2018-11-26 13:57:08.980---666--- [main] INFO  o.springframework.web.servlet.mvc.method.annotation.RequestMappingHandlerMapping - Mapped "{[/mgr/add]}" onto public com.stylefeng.guns.common.constant.tips.Tip com.stylefeng.guns.modular.system.controller.UserMgrController.add(com.stylefeng.guns.modular.system.transfer.UserDto,org.springframework.validation.BindingResult)
2018-11-26 13:57:08.981---666--- [main] INFO  o.springframework.web.servlet.mvc.method.annotation.RequestMappingHandlerMapping - Mapped "{[/mgr/delete]}" onto public com.stylefeng.guns.common.constant.tips.Tip com.stylefeng.guns.modular.system.controller.UserMgrController.delete(java.lang.Integer)
2018-11-26 13:57:08.981---666--- [main] INFO  o.springframework.web.servlet.mvc.method.annotation.RequestMappingHandlerMapping - Mapped "{[/mgr/list]}" onto public java.lang.Object com.stylefeng.guns.modular.system.controller.UserMgrController.list(java.lang.String,java.lang.String,java.lang.String)
2018-11-26 13:57:08.981---666--- [main] INFO  o.springframework.web.servlet.mvc.method.annotation.RequestMappingHandlerMapping - Mapped "{[/mgr/reset]}" onto public com.stylefeng.guns.common.constant.tips.Tip com.stylefeng.guns.modular.system.controller.UserMgrController.reset(java.lang.Integer)
2018-11-26 13:57:08.981---666--- [main] INFO  o.springframework.web.servlet.mvc.method.annotation.RequestMappingHandlerMapping - Mapped "{[/mgr/user_info]}" onto public java.lang.String com.stylefeng.guns.modular.system.controller.UserMgrController.userInfo(org.springframework.ui.Model)
2018-11-26 13:57:08.981---666--- [main] INFO  o.springframework.web.servlet.mvc.method.annotation.RequestMappingHandlerMapping - Mapped "{[/mgr/setRole]}" onto public com.stylefeng.guns.common.constant.tips.Tip com.stylefeng.guns.modular.system.controller.UserMgrController.setRole(java.lang.Integer,java.lang.String)
2018-11-26 13:57:08.981---666--- [main] INFO  o.springframework.web.servlet.mvc.method.annotation.RequestMappingHandlerMapping - Mapped "{[/mgr/view/{userId}]}" onto public com.stylefeng.guns.common.persistence.model.User com.stylefeng.guns.modular.system.controller.UserMgrController.view(java.lang.Integer)
2018-11-26 13:57:08.981---666--- [main] INFO  o.springframework.web.servlet.mvc.method.annotation.RequestMappingHandlerMapping - Mapped "{[/mgr/edit]}" onto public com.stylefeng.guns.common.constant.tips.Tip com.stylefeng.guns.modular.system.controller.UserMgrController.edit(com.stylefeng.guns.modular.system.transfer.UserDto,org.springframework.validation.BindingResult) throws javax.naming.NoPermissionException
2018-11-26 13:57:08.981---666--- [main] INFO  o.springframework.web.servlet.mvc.method.annotation.RequestMappingHandlerMapping - Mapped "{[/mgr/user_add]}" onto public java.lang.String com.stylefeng.guns.modular.system.controller.UserMgrController.addView()
2018-11-26 13:57:08.981---666--- [main] INFO  o.springframework.web.servlet.mvc.method.annotation.RequestMappingHandlerMapping - Mapped "{[/mgr/user_edit/{userId}]}" onto public java.lang.String com.stylefeng.guns.modular.system.controller.UserMgrController.userEdit(java.lang.Integer,org.springframework.ui.Model)
2018-11-26 13:57:08.982---666--- [main] INFO  o.springframework.web.servlet.mvc.method.annotation.RequestMappingHandlerMapping - Mapped "{[/mgr/changePwd]}" onto public java.lang.Object com.stylefeng.guns.modular.system.controller.UserMgrController.changePwd(java.lang.String,java.lang.String,java.lang.String)
2018-11-26 13:57:08.982---666--- [main] INFO  o.springframework.web.servlet.mvc.method.annotation.RequestMappingHandlerMapping - Mapped "{[/mgr/freeze]}" onto public com.stylefeng.guns.common.constant.tips.Tip com.stylefeng.guns.modular.system.controller.UserMgrController.freeze(java.lang.Integer)
2018-11-26 13:57:08.982---666--- [main] INFO  o.springframework.web.servlet.mvc.method.annotation.RequestMappingHandlerMapping - Mapped "{[/mgr/role_assign/{userId}]}" onto public java.lang.String com.stylefeng.guns.modular.system.controller.UserMgrController.roleAssign(java.lang.Integer,org.springframework.ui.Model)
2018-11-26 13:57:08.982---666--- [main] INFO  o.springframework.web.servlet.mvc.method.annotation.RequestMappingHandlerMapping - Mapped "{[/mgr/unfreeze]}" onto public com.stylefeng.guns.common.constant.tips.Tip com.stylefeng.guns.modular.system.controller.UserMgrController.unfreeze(java.lang.Integer)
2018-11-26 13:57:08.982---666--- [main] INFO  o.springframework.web.servlet.mvc.method.annotation.RequestMappingHandlerMapping - Mapped "{[/mgr/user_chpwd]}" onto public java.lang.String com.stylefeng.guns.modular.system.controller.UserMgrController.chPwd()
2018-11-26 13:57:08.982---666--- [main] INFO  o.springframework.web.servlet.mvc.method.annotation.RequestMappingHandlerMapping - Mapped "{[/mgr/upload],methods=[POST]}" onto public java.lang.String com.stylefeng.guns.modular.system.controller.UserMgrController.upload(org.springframework.web.multipart.MultipartFile)
2018-11-26 13:57:08.982---666--- [main] INFO  o.springframework.web.servlet.mvc.method.annotation.RequestMappingHandlerMapping - Mapped "{[/v2/api-docs],methods=[GET]}" onto public org.springframework.http.ResponseEntity<springfox.documentation.spring.web.json.Json> springfox.documentation.swagger2.web.Swagger2Controller.getDocumentation(java.lang.String)
2018-11-26 13:57:08.983---666--- [main] INFO  o.springframework.web.servlet.mvc.method.annotation.RequestMappingHandlerMapping - Mapped "{[/configuration/security]}" onto org.springframework.http.ResponseEntity<springfox.documentation.swagger.web.SecurityConfiguration> springfox.documentation.swagger.web.ApiResourceController.securityConfiguration()
2018-11-26 13:57:08.984---666--- [main] INFO  o.springframework.web.servlet.mvc.method.annotation.RequestMappingHandlerMapping - Mapped "{[/configuration/ui]}" onto org.springframework.http.ResponseEntity<springfox.documentation.swagger.web.UiConfiguration> springfox.documentation.swagger.web.ApiResourceController.uiConfiguration()
2018-11-26 13:57:08.984---666--- [main] INFO  o.springframework.web.servlet.mvc.method.annotation.RequestMappingHandlerMapping - Mapped "{[/swagger-resources]}" onto org.springframework.http.ResponseEntity<java.util.List<springfox.documentation.swagger.web.SwaggerResource>> springfox.documentation.swagger.web.ApiResourceController.swaggerResources()
2018-11-26 13:57:08.985---666--- [main] INFO  o.springframework.web.servlet.mvc.method.annotation.RequestMappingHandlerMapping - Mapped "{[/error]}" onto public org.springframework.http.ResponseEntity<java.util.Map<java.lang.String, java.lang.Object>> org.springframework.boot.autoconfigure.web.BasicErrorController.error(javax.servlet.http.HttpServletRequest)
2018-11-26 13:57:08.986---666--- [main] INFO  o.springframework.web.servlet.mvc.method.annotation.RequestMappingHandlerMapping - Mapped "{[/error],produces=[text/html]}" onto public org.springframework.web.servlet.ModelAndView org.springframework.boot.autoconfigure.web.BasicErrorController.errorHtml(javax.servlet.http.HttpServletRequest,javax.servlet.http.HttpServletResponse)
2018-11-26 13:57:11.436---666--- [main] INFO  o.springframework.web.servlet.mvc.method.annotation.RequestMappingHandlerAdapter - Looking for @ControllerAdvice: org.springframework.web.context.support.GenericWebApplicationContext@2dfaea86: startup date [Mon Nov 26 13:56:58 CST 2018]; root of context hierarchy
2018-11-26 13:57:11.716---666--- [main] INFO  org.springframework.web.servlet.handler.SimpleUrlHandlerMapping - Mapped URL path [/swagger-ui.html] onto handler of type [class org.springframework.web.servlet.resource.ResourceHttpRequestHandler]
2018-11-26 13:57:11.716---666--- [main] INFO  org.springframework.web.servlet.handler.SimpleUrlHandlerMapping - Mapped URL path [/webjars/**] onto handler of type [class org.springframework.web.servlet.resource.ResourceHttpRequestHandler]
2018-11-26 13:57:11.716---666--- [main] INFO  org.springframework.web.servlet.handler.SimpleUrlHandlerMapping - Mapped URL path [/static/**] onto handler of type [class org.springframework.web.servlet.resource.ResourceHttpRequestHandler]
2018-11-26 13:57:11.764---666--- [main] INFO  o.s.web.servlet.mvc.method.annotation.ExceptionHandlerExceptionResolver - Detected @ExceptionHandler methods in globalExceptionHandler
2018-11-26 13:57:11.837---666--- [main] INFO  org.springframework.web.servlet.handler.SimpleUrlHandlerMapping - Mapped URL path [/**/favicon.ico] onto handler of type [class org.springframework.web.servlet.resource.ResourceHttpRequestHandler]
2018-11-26 13:57:12.736---666--- [main] INFO  springfox.documentation.spring.web.plugins.DocumentationPluginsBootstrapper - Context refreshed
2018-11-26 13:57:12.767---666--- [main] INFO  springfox.documentation.spring.web.plugins.DocumentationPluginsBootstrapper - Found {0} custom documentation plugin(s)
2018-11-26 13:57:12.780---666--- [main] INFO  springfox.documentation.spring.web.scanners.ApiListingReferenceScanner - Scanning for api listing references
2018-11-26 13:57:12.783---666--- [main] INFO  springfox.documentation.swagger.web.ClassOrApiAnnotationResourceGrouping - Group for method add was code-controller
2018-11-26 13:57:12.785---666--- [main] INFO  springfox.documentation.spring.web.scanners.ApiListingReferenceScanner - Request mapping: add belongs to groups: [[ResourceGroup{groupName='code-controller', position=0, controller=com.stylefeng.guns.modular.system.controller.CodeController}]] 
2018-11-26 13:57:12.795---666--- [main] INFO  springfox.documentation.spring.web.scanners.ApiListingReferenceScanner - Created resource listing Path: /default/code-controller Description: code-controller Position: 0
2018-11-26 13:57:12.830---666--- [main] INFO  springfox.documentation.schema.ModelContextKeyGenerator - Cache Key Generated: java.lang.Object(true)
2018-11-26 13:57:12.830---666--- [main] INFO  springfox.documentation.spring.web.caching.CachingAspect - Caching aspect applied for cache models with key java.lang.Object(true)
2018-11-26 13:57:12.837---666--- [main] INFO  springfox.documentation.schema.ModelContextKeyGenerator - Cache Key Generated: java.lang.Object(true)
2018-11-26 13:57:12.839---666--- [main] INFO  springfox.documentation.spring.web.caching.CachingAspect - Caching aspect applied for cache modelDependencies with key java.lang.Object(true)
2018-11-26 13:57:12.848---666--- [main] INFO  springfox.documentation.spring.web.OperationsKeyGenerator - Cache key generated: /code/generate.com.stylefeng.guns.modular.system.controller.CodeController.add.DefaultGenericTypeNamingStrategy
2018-11-26 13:57:12.848---666--- [main] INFO  springfox.documentation.spring.web.caching.CachingAspect - Caching aspect applied for cache operations with key /code/generate.com.stylefeng.guns.modular.system.controller.CodeController.add.DefaultGenericTypeNamingStrategy
2018-11-26 13:57:12.880---666--- [main] INFO  springfox.documentation.swagger.web.ClassOrApiAnnotationResourceGrouping - Group for method add was code-controller
2018-11-26 13:57:12.901---666--- [main] INFO  springfox.documentation.swagger.web.ClassOrApiAnnotationResourceGrouping - Group for method add was code-controller
2018-11-26 13:57:12.962---666--- [main] INFO  com.stylefeng.guns.system.DeptTest - Started DeptTest in 14.799 seconds (JVM running for 24.906)
2018-11-26 13:57:13.137---666--- [main] INFO  org.springframework.test.context.transaction.TransactionContext - Began transaction (1) for test context [DefaultTestContext@2c750b69 testClass = DeptTest, testInstance = com.stylefeng.guns.system.DeptTest@159a0f0e, testMethod = testName@DeptTest, testException = [null], mergedContextConfiguration = [WebMergedContextConfiguration@55ff64fd testClass = DeptTest, locations = '{}', classes = '{class com.stylefeng.guns.GunsApplication, class com.stylefeng.guns.GunsApplication}', contextInitializerClasses = '[]', activeProfiles = '{}', propertySourceLocations = '{}', propertySourceProperties = '{org.springframework.boot.test.context.SpringBootTestContextBootstrapper=true}', contextCustomizers = set[org.springframework.boot.test.context.SpringBootTestContextCustomizer@2f490758, org.springframework.boot.test.context.filter.ExcludeFilterContextCustomizer@40f08448, org.springframework.boot.test.mock.mockito.MockitoContextCustomizer@0, org.springframework.boot.test.autoconfigure.properties.PropertyMappingContextCustomizer@0, org.springframework.boot.test.autoconfigure.web.servlet.WebDriverContextCustomizerFactory$Customizer@31206beb, org.springframework.test.context.web.socket.MockServerContainerContextCustomizer@23bb8443], resourceBasePath = 'src/main/webapp', contextLoader = 'org.springframework.boot.test.context.SpringBootContextLoader', parent = [null]]]; transaction manager [org.springframework.jdbc.datasource.DataSourceTransactionManager@6484364f]; rollback [true]
2018-11-26 13:57:13.264---666--- [main] INFO  org.springframework.boot.test.mock.web.SpringBootMockServletContext - Initializing Spring FrameworkServlet ''
2018-11-26 13:57:13.264---666--- [main] INFO  org.springframework.test.web.servlet.TestDispatcherServlet - FrameworkServlet '': initialization started
2018-11-26 13:57:13.325---666--- [main] INFO  org.springframework.test.web.servlet.TestDispatcherServlet - FrameworkServlet '': initialization completed in 61 ms
2018-11-26 13:57:13.363---666--- [main] INFO  org.springframework.test.context.transaction.TransactionContext - Rolled back transaction for test context [DefaultTestContext@2c750b69 testClass = DeptTest, testInstance = com.stylefeng.guns.system.DeptTest@159a0f0e, testMethod = testName@DeptTest, testException = [null], mergedContextConfiguration = [WebMergedContextConfiguration@55ff64fd testClass = DeptTest, locations = '{}', classes = '{class com.stylefeng.guns.GunsApplication, class com.stylefeng.guns.GunsApplication}', contextInitializerClasses = '[]', activeProfiles = '{}', propertySourceLocations = '{}', propertySourceProperties = '{org.springframework.boot.test.context.SpringBootTestContextBootstrapper=true}', contextCustomizers = set[org.springframework.boot.test.context.SpringBootTestContextCustomizer@2f490758, org.springframework.boot.test.context.filter.ExcludeFilterContextCustomizer@40f08448, org.springframework.boot.test.mock.mockito.MockitoContextCustomizer@0, org.springframework.boot.test.autoconfigure.properties.PropertyMappingContextCustomizer@0, org.springframework.boot.test.autoconfigure.web.servlet.WebDriverContextCustomizerFactory$Customizer@31206beb, org.springframework.test.context.web.socket.MockServerContainerContextCustomizer@23bb8443], resourceBasePath = 'src/main/webapp', contextLoader = 'org.springframework.boot.test.context.SpringBootContextLoader', parent = [null]]].
2018-11-26 13:57:13.369---666--- [Thread-4] INFO  org.springframework.web.context.support.GenericWebApplicationContext - Closing org.springframework.web.context.support.GenericWebApplicationContext@2dfaea86: startup date [Mon Nov 26 13:56:58 CST 2018]; root of context hierarchy
2018-11-26 13:57:13.394---666--- [Thread-4] INFO  com.alibaba.druid.pool.DruidDataSource - {dataSource-1} closed
2018-11-26 13:57:13.396---666--- [Thread-4] INFO  org.springframework.cache.ehcache.EhCacheManagerFactoryBean - Shutting down EhCache CacheManager
